0 info it worked if it ends with ok
1 verbose cli [ 'c:\\Program Files\\nodejs\\node.exe',
1 verbose cli   'c:\\Program Files\\nodejs\\node_modules\\npm\\bin\\npm-cli.js',
1 verbose cli   'publish' ]
2 info using npm@2.14.2
3 info using node@v4.0.0
4 verbose publish [ '.' ]
5 silly cache add args [ '.', null ]
6 verbose cache add spec .
7 silly cache add parsed spec Result {
7 silly cache add   raw: '.',
7 silly cache add   scope: null,
7 silly cache add   name: null,
7 silly cache add   rawSpec: '.',
7 silly cache add   spec: 'c:\\markocen_git\\trial-js',
7 silly cache add   type: 'directory' }
8 verbose addLocalDirectory C:\Users\Marko Cen\AppData\Roaming\npm-cache\trial-js\0.1.0\package.tgz not in flight; packing
9 verbose tar pack [ 'C:\\Users\\Marko Cen\\AppData\\Roaming\\npm-cache\\trial-js\\0.1.0\\package.tgz',
9 verbose tar pack   'c:\\markocen_git\\trial-js' ]
10 verbose tarball C:\Users\Marko Cen\AppData\Roaming\npm-cache\trial-js\0.1.0\package.tgz
11 verbose folder c:\markocen_git\trial-js
12 info prepublish trial-js@0.1.0
13 verbose addLocalTarball adding from inside cache C:\Users\Marko Cen\AppData\Roaming\npm-cache\trial-js\0.1.0\package.tgz
14 silly cache afterAdd trial-js@0.1.0
15 verbose afterAdd C:\Users\Marko Cen\AppData\Roaming\npm-cache\trial-js\0.1.0\package\package.json not in flight; writing
16 verbose afterAdd C:\Users\Marko Cen\AppData\Roaming\npm-cache\trial-js\0.1.0\package\package.json written
17 silly publish { name: 'trial-js',
17 silly publish   version: '0.1.0',
17 silly publish   description: 'simple library to monitoring mouse position and predicting user input',
17 silly publish   main: 'trial.min.js',
17 silly publish   scripts: { test: 'echo "Error: no test specified" && exit 1' },
17 silly publish   homepage: 'https://github.com/MarkoCen/trial-js',
17 silly publish   author: { name: 'Marko Cen' },
17 silly publish   license: 'MIT',
17 silly publish   keywords: [ 'pointer', 'monitoring', 'predicting', 'mouse' ],
17 silly publish   devDependencies:
17 silly publish    { gulp: '^3.9.1',
17 silly publish      'gulp-header': '^1.7.1',
17 silly publish      'gulp-rename': '^1.2.2',
17 silly publish      'gulp-uglify': '^1.5.3' },
17 silly publish   readme: '# Trial.js\r\nsimple library to monitoring mouse position and predicting user input\r\n\r\n  * No dependency\r\n  * Lightweight (2kb gzipped)\r\n  * Automatically extends `jQuery` and `Zepto` properties\r\n  * `webpack` loader supported\r\n\r\n[Examples ]()  \r\n[Usage]()\r\n\r\n## APIs\r\n\r\n####Trial(selector)\r\n@params selector {String|Node|NodeList|Array{Node}|jQuery object}  \r\n@return {Trial instance}  \r\n@constructor  \r\n\r\nInitialize a new Trial instance related to selector, same selector would only have one Trial instance, if `Trial(selector)` be called twice with same selector,  the second calling would return the same instance created in first calling.  \r\n`selector` could be query string, NodeList or `$` object  \r\n  \r\n  \r\n####Trial.fn.within(options, callback)\r\n@params options {Object}  \r\n@params callback {Function}  \r\n@return {Trial instance}  \r\n\r\nThis method setup a circular area on matched element, when mouse pointer moving within this area, event handler would be called  \r\n  \r\n![Distance options](https://raw.githubusercontent.com/MarkoCen/markocen.github.io/master/trialjs/img/distance.jpg)  \r\n  \r\n*options*:  \r\n  `distance` {Number} : determine the radius of the circular area  \r\n  `cord` {String} : determine the center of the circular area, could be `center`, `topLeft`, `topCenter`, `topRight`, `centerLeft`, `centerRight`, `bottomLeft`, `bottomCenter`, `bottomRight`  \r\n  \r\n![Coordinate options](https://raw.githubusercontent.com/MarkoCen/markocen.github.io/master/trialjs/img/cord.jpg)  \r\n\r\n*callback*  \r\nAn event handler to be called when mouse pointer moving within the circular area, arguments:  \r\n`distance` {Number} : current distance between mouse pointer and matched element\r\n`ele` {Node} : matched element\r\n`event` {Event} : mousemove event  \r\n  \r\n  \r\n####Trial.fn.enter(options, callback)\r\n@params options {Object}  \r\n@params callback {Function}  \r\n@return {Trial instance}  \r\n\r\nsame as `Trial.fn.within`, but only call the event handler when mouse pointer enter the circular area  \r\n*options*:  \r\n  `distance` {Number} : determine the radius of the circular area  \r\n  `cord` {String} : determine the center of the circular area, could be `center`, `topLeft`, `topCenter`, `topRight`, `centerLeft`, `centerRight`, `bottomLeft`, `bottomCenter`, `bottomRight`  \r\n*callback*  \r\nAn event handler to be called when mouse pointer enter the circular area, arguments:  \r\n`distance` {Number} : current distance between mouse pointer and matched element\r\n`ele` {Node} : matched element\r\n`event` {Event} : mousemove event  \r\n  \r\n  \r\n####Trial.fn.leave(options, callback)\r\n@params options {Object}  \r\n@params callback {Function}  \r\n@return {Trial instance}  \r\n\r\nsame as `Trial.fn.within`, but only call the event handler when mouse pointer leave the circular area  \r\n*options*:  \r\n  `distance` {Number} : determine the radius of the circular area  \r\n  `cord` {String} : determine the center of the circular area, could be `center`, `topLeft`, `topCenter`, `topRight`, `centerLeft`, `centerRight`, `bottomLeft`, `bottomCenter`, `bottomRight`  \r\n*callback*  \r\nAn event handler to be called when mouse pointer leave the circular area, arguments:  \r\n`distance` {Number} : current distance between mouse pointer and matched element\r\n`ele` {Node} : matched element\r\n`event` {Event} : mousemove event \r\n\r\n####Trial.fn.off(eventName)\r\n@params eventName {String}  \r\n@return {Trial instance}  \r\n\r\nUnbind an event handler for specific event, eventName could be `within`, `enter`, `leave`\r\n\r\n\r\n## License\r\nMIT\r\n',
17 silly publish   readmeFilename: 'README.md',
17 silly publish   gitHead: '261dbcda0d8e67ac231e5b1d9c3314a285adcece',
17 silly publish   _id: 'trial-js@0.1.0',
17 silly publish   _shasum: 'c18937d67a7dda74bdb84d06eae8a0c821ee0903',
17 silly publish   _from: '.' }
18 verbose getPublishConfig undefined
19 silly mapToRegistry name trial-js
20 silly mapToRegistry using default registry
21 silly mapToRegistry registry https://registry.npmjs.org/
22 silly mapToRegistry uri https://registry.npmjs.org/trial-js
23 verbose publish registryBase https://registry.npmjs.org/
24 silly publish uploading C:\Users\Marko Cen\AppData\Roaming\npm-cache\trial-js\0.1.0\package.tgz
25 verbose request uri https://registry.npmjs.org/trial-js
26 verbose request sending authorization for write operation
27 info attempt registry request try #1 at 10:43:16
28 verbose request using bearer token for auth
29 verbose request id d4a1a3a55ada8d67
30 http request PUT https://registry.npmjs.org/trial-js
31 http 403 https://registry.npmjs.org/trial-js
32 verbose headers { 'content-type': 'application/json',
32 verbose headers   'cache-control': 'max-age=300',
32 verbose headers   'content-length': '95',
32 verbose headers   'accept-ranges': 'bytes',
32 verbose headers   date: 'Tue, 19 Apr 2016 14:43:16 GMT',
32 verbose headers   via: '1.1 varnish',
32 verbose headers   connection: 'keep-alive',
32 verbose headers   'x-served-by': 'cache-iad2138-IAD',
32 verbose headers   'x-cache': 'MISS',
32 verbose headers   'x-cache-hits': '0',
32 verbose headers   'x-timer': 'S1461076995.511355,VS0,VE627',
32 verbose headers   vary: 'Accept-Encoding' }
33 verbose request invalidating C:\Users\Marko Cen\AppData\Roaming\npm-cache\registry.npmjs.org\trial-js on PUT
34 error publish Failed PUT 403
35 verbose stack Error: "You cannot publish over the previously published version 0.1.0." : trial-js
35 verbose stack     at makeError (c:\Program Files\nodejs\node_modules\npm\node_modules\npm-registry-client\lib\request.js:263:12)
35 verbose stack     at CachingRegistryClient.<anonymous> (c:\Program Files\nodejs\node_modules\npm\node_modules\npm-registry-client\lib\request.js:251:14)
35 verbose stack     at Request._callback (c:\Program Files\nodejs\node_modules\npm\node_modules\npm-registry-client\lib\request.js:171:14)
35 verbose stack     at Request.self.callback (c:\Program Files\nodejs\node_modules\npm\node_modules\request\request.js:198:22)
35 verbose stack     at emitTwo (events.js:87:13)
35 verbose stack     at Request.emit (events.js:172:7)
35 verbose stack     at Request.<anonymous> (c:\Program Files\nodejs\node_modules\npm\node_modules\request\request.js:1073:14)
35 verbose stack     at emitOne (events.js:82:20)
35 verbose stack     at Request.emit (events.js:169:7)
35 verbose stack     at IncomingMessage.<anonymous> (c:\Program Files\nodejs\node_modules\npm\node_modules\request\request.js:1019:12)
36 verbose statusCode 403
37 verbose pkgid trial-js
38 verbose cwd c:\markocen_git\trial-js
39 error Windows_NT 6.1.7601
40 error argv "c:\\Program Files\\nodejs\\node.exe" "c:\\Program Files\\nodejs\\node_modules\\npm\\bin\\npm-cli.js" "publish"
41 error node v4.0.0
42 error npm  v2.14.2
43 error code E403
44 error "You cannot publish over the previously published version 0.1.0." : trial-js
45 error If you need help, you may report this error at:
45 error     <https://github.com/npm/npm/issues>
46 verbose exit [ 1, true ]
